17
39
168
126
52
95
138
179
60
54
14
36
34
132
132
124
64
171
168
67
188
88
17
45
182
179
169
66
56
144
81
177
50
12
2
182
117
131
41
109
22
63
136
34
184
162
162
104
165
178
152
170
180
43
122
31
45
35
88
65
35
102
11
138
111
2
50
172
156
17
6
70
104
117
36
53
118
16
120
66
12
160
101
54
94
43
14
101
106
80
182
11
145
86
87
46
77
71
104
181
63
14
18
160
134
174
145
87
165
75
145
126
34
140
5
82
50
95
74
97
36
184
96
154
76
95
159
114
122
32
140
149
39
69
73
135
190
131
103
137
4
85
183
152
113
96
20
131
16
4
97
164
167
102
91
58
117
173
81
123
119
143
105
158
133
151
135
123
60
164
180
70
130
22
113
26
181
132
2
17
140
21
192
93
126
50
132
139
65
174
17
77
9
27
138
181
53
9
57
21
121
125
11
113
126
34
19
138
113
99
184
24
1
174
149
71
147
32
61
178
158
56
143
94
179
39
67
51
131
35
35
75
52
43
60
16
133
187
112
85
116
72
66
9
99
62
155
123
53
35
143
110
167
59
21
52
178
133
3
1
12
39
125
36
7
105
45
81
7
127
13
140
122
133
88
180
109
37
94
133
43
70
27
45
12
57
143
87
98
159
172
184
135
135
169
63
181
2
27
26
133
87
183
1
134
91
82
71
105
77
130
111
42
122
21
93
58
62
148
120
77
116
161
178
29
103
33
122
156
182
5
135
128
60
15
75
159
80
105
58
74
8
120
141
169
189
65
87
109
126
145
19
97
22
187
125
30
113
91
29
167
48
13
3
88
179
6
74
33
143
76
43
160
113
50
51
140
175
150
94
74
10
177
169
161
48
3
68
107
100
175
126
76
88
67
11
52
50
3
1
113
95
40
33
188
3
96
181
181
41
34
78
3
145
173
2
75
56
78
16
5
182
10
55
16
76
148
132
113
152
172
32
17
93
41
164
48
10
31
156
46
57
84
151
82
82
39
17
47
80
126
59
161
90
23
173
1
136
145
131
98
132
56
160
34
110
97
57
23
94
104
132
161
102
125
53
143
187
81
77
53
51
19
135
190
144
7
86
35
120
17
180
125
110
124
132
10
16
125
78
